<?xml version="1.0" encoding="UTF-8"?>
<!-- Generated by org.testng.reporters.JUnitReportReporter -->
<testsuite skipped="0" hostname="STI-D01-YOGESHA" name="com.pa.qa.testcases.TestCases" tests="2" failures="0" timestamp="29 Jan 2018 14:13:03 GMT" time="35.877" errors="0">
  <testcase name="HomePageNavigateTest" time="24.035" classname="com.pa.qa.testcases.TestCases"/>
  <testcase name="HomePageTest" time="11.842" classname="com.pa.qa.testcases.TestCases"/>
</testsuite> <!-- com.pa.qa.testcases.TestCases -->
